ERROR:root:FIXME: Unimplemented - put('list', 'A sequence of things - created using []')
ERROR:root:FIXME: Unimplemented - get ('list')
INFO:root:Constructing parser
INFO:root:Constructing parser
INFO:root:Constructing parser
INFO:root:Constructing parser
INFO:root:Constructing parser
INFO:root:Constructing parser
INFO:root:Constructing parser
DEBUG:root:Constructing put subparser
INFO:root:Constructing parser
DEBUG:root:Constructing put subparser
INFO:root:Constructing parser
DEBUG:root:Constructing put subparser
INFO:root:Constructing parser
DEBUG:root:Constructing put subparser
INFO:root:Constructing parser
DEBUG:root:Constructing put subparser
INFO:root:Constructing parser
DEBUG:root:Constructing put subparser
INFO:root:Constructing parser
DEBUG:root:Constructing put subparser
INFO:root:Constructing parser
DEBUG:root:Constructing put subparser
INFO:root:Constructing parser
DEBUG:root:Constructing put subparser
INFO:root:Constructing parser
DEBUG:root:Constructing put subparser
INFO:root:Constructing parser
DEBUG:root:Constructing put subparser
INFO:root:Constructing parser
DEBUG:root:Constructing put subparser
INFO:root:Constructing parser
DEBUG:root:Constructing put subparser
ERROR:root:FIXME: Unimplemented - get ('-')
INFO:root:Constructing parser
DEBUG:root:Constructing put subparser
INFO:root:Constructing parser
DEBUG:root:Constructing put subparser
INFO:root:Constructing parser
DEBUG:root:Constructing put subparser
INFO:root:Constructing parser
DEBUG:root:Constructing put subparser
INFO:root:Constructing parser
DEBUG:root:Constructing put subparser
INFO:root:Constructing parser
DEBUG:root:Constructing put subparser
ERROR:root:FIXME: Unimplemented - put('hello', 'hello')
INFO:root:Constructing parser
DEBUG:root:Constructing put subparser
INFO:root:Constructing parser
DEBUG:root:Constructing put subparser
ERROR:root:FIXME: Unimplemented - get ('hello')
INFO:root:Constructing parser
DEBUG:root:Constructing put subparser
ERROR:root:FIXME: Unimplemented - get ('hello')
